sky_nova/android/app/build/intermediates/manifest_merge_blame_file/debug/manifest-merger-blame-debug-report.txt
1<?xml version="1.0" encoding="utf-8"?>
2<manifest xmlns:android="http://schemas.android.com/apk/res/android"
3    package="com.example.sky_nova"
4    android:versionCode="1"
5    android:versionName="1.0.0" >
6
7    <uses-sdk
8        android:minSdkVersion="23"
9        android:targetSdkVersion="34" />
10    <!--
11         The INTERNET permission is required for development. Specifically,
12         the Flutter tool needs it to communicate with the running application
13         to allow setting breakpoints, to provide hot reload, etc.
14    -->
15    <uses-permission android:name="android.permission.INTERNET" />
15-->src\debug\AndroidManifest.xml:6:5-66
15-->src\debug\AndroidManifest.xml:6:22-64
16    <uses-permission android:name="android.permission.READ_EXTERNAL_STORAGE" />
16-->src\main\AndroidManifest.xml:2:5-79
16-->src\main\AndroidManifest.xml:2:22-77
17    <uses-permission android:name="android.permission.WRITE_EXTERNAL_STORAGE" />
17-->src\main\AndroidManifest.xml:3:5-80
17-->src\main\AndroidManifest.xml:3:22-78
18    <!--
19 Required to query activities that can process text, see:
20         https://developer.android.com/training/package-visibility and
21         https://developer.android.com/reference/android/content/Intent#ACTION_PROCESS_TEXT.
22
23         In particular, this is used by the Flutter engine in io.flutter.plugin.text.ProcessTextPlugin.
24    -->
25    <queries>
25-->src\main\AndroidManifest.xml:42:5-47:15
26        <intent>
26-->src\main\AndroidManifest.xml:43:9-46:18
27            <action android:name="android.intent.action.PROCESS_TEXT" />
27-->src\main\AndroidManifest.xml:44:13-72
27-->src\main\AndroidManifest.xml:44:21-70
28
29            <data android:mimeType="text/plain" />
29-->src\main\AndroidManifest.xml:45:13-50
29-->src\main\AndroidManifest.xml:45:19-48
30        </intent>
31    </queries>
32
33    <uses-permission android:name="android.permission.ACCESS_NETWORK_STATE" />
33-->[com.google.firebase:firebase-auth:23.1.0] AndroidManifest.xml:26:5-79
33-->[com.google.firebase:firebase-auth:23.1.0] AndroidManifest.xml:26:22-76
34    <uses-permission android:name="com.google.android.providers.gsf.permission.READ_GSERVICES" />
34-->[com.google.android.recaptcha:recaptcha:18.5.1] AndroidManifest.xml:9:5-98
34-->[com.google.android.recaptcha:recaptcha:18.5.1] AndroidManifest.xml:9:22-95
35
36    <permission
36-->[androidx.core:core:1.13.1] AndroidManifest.xml:22:5-24:47
37        android:name="com.example.sky_nova.DYNAMIC_RECEIVER_NOT_EXPORTED_PERMISSION"
37-->[androidx.core:core:1.13.1] AndroidManifest.xml:23:9-81
38        android:protectionLevel="signature" />
38-->[androidx.core:core:1.13.1] AndroidManifest.xml:24:9-44
39
40    <uses-permission android:name="com.example.sky_nova.DYNAMIC_RECEIVER_NOT_EXPORTED_PERMISSION" />
40-->[androidx.core:core:1.13.1] AndroidManifest.xml:26:5-97
40-->[androidx.core:core:1.13.1] AndroidManifest.xml:26:22-94
41
42    <application
43        android:name="android.app.Application"
44        android:appComponentFactory="androidx.core.app.CoreComponentFactory"
44-->[androidx.core:core:1.13.1] AndroidManifest.xml:28:18-86
45        android:debuggable="true"
46        android:extractNativeLibs="false"
47        android:icon="@mipmap/ic_launcher"
48        android:label="sky_nova" >
49        <activity
50            android:name="com.example.sky_nova.MainActivity"
51            android:configChanges="orientation|keyboardHidden|keyboard|screenSize|smallestScreenSize|locale|layoutDirection|fontScale|screenLayout|density|uiMode"
52            android:exported="true"
53            android:hardwareAccelerated="true"
54            android:launchMode="singleTop"
55            android:taskAffinity=""
56            android:theme="@style/LaunchTheme"
57            android:windowSoftInputMode="adjustResize" >
58
59            <!--
60                 Specifies an Android theme to apply to this Activity as soon as
61                 the Android process has started. This theme is visible to the user
62                 while the Flutter UI initializes. After that, this theme continues
63                 to determine the Window background behind the Flutter UI.
64            -->
65            <meta-data
66                android:name="io.flutter.embedding.android.NormalTheme"
67                android:resource="@style/NormalTheme" />
68
69            <intent-filter>
70                <action android:name="android.intent.action.MAIN" />
71
72                <category android:name="android.intent.category.LAUNCHER" />
73            </intent-filter>
74        </activity>
75        <!--
76             Don't delete the meta-data below.
77             This is used by the Flutter tool to generate GeneratedPluginRegistrant.java
78        -->
79        <meta-data
80            android:name="flutterEmbedding"
81            android:value="2" />
82
83        <service
83-->[:cloud_firestore] AndroidManifest.xml:8:9-12:19
84            android:name="com.google.firebase.components.ComponentDiscoveryService"
84-->[:cloud_firestore] AndroidManifest.xml:8:18-89
85            android:directBootAware="true"
85-->[com.google.firebase:firebase-common:21.0.0] AndroidManifest.xml:32:13-43
86            android:exported="false" >
86-->[com.google.firebase:firebase-auth:23.1.0] AndroidManifest.xml:68:13-37
87            <meta-data
87-->[:cloud_firestore] AndroidManifest.xml:9:13-11:85
88                android:name="com.google.firebase.components:io.flutter.plugins.firebase.firestore.FlutterFirebaseFirestoreRegistrar"
88-->[:cloud_firestore] AndroidManifest.xml:10:17-134
89                android:value="com.google.firebase.components.ComponentRegistrar" />
89-->[:cloud_firestore] AndroidManifest.xml:11:17-82
90            <meta-data
90-->[:firebase_auth] AndroidManifest.xml:9:13-11:85
91                android:name="com.google.firebase.components:io.flutter.plugins.firebase.auth.FlutterFirebaseAuthRegistrar"
91-->[:firebase_auth] AndroidManifest.xml:10:17-124
92                android:value="com.google.firebase.components.ComponentRegistrar" />
92-->[:firebase_auth] AndroidManifest.xml:11:17-82
93            <meta-data
93-->[:firebase_storage] AndroidManifest.xml:9:13-11:85
94                android:name="com.google.firebase.components:io.flutter.plugins.firebase.storage.FlutterFirebaseAppRegistrar"
94-->[:firebase_storage] AndroidManifest.xml:10:17-126
95                android:value="com.google.firebase.components.ComponentRegistrar" />
95-->[:firebase_storage] AndroidManifest.xml:11:17-82
96            <meta-data
96-->[:firebase_core] AndroidManifest.xml:9:13-11:85
97                android:name="com.google.firebase.components:io.flutter.plugins.firebase.core.FlutterFirebaseCoreRegistrar"
97-->[:firebase_core] AndroidManifest.xml:10:17-124
98                android:value="com.google.firebase.components.ComponentRegistrar" />
98-->[:firebase_core] AndroidManifest.xml:11:17-82
99            <meta-data
99-->[com.google.firebase:firebase-auth:23.1.0] AndroidManifest.xml:69:13-71:85
100                android:name="com.google.firebase.components:com.google.firebase.auth.FirebaseAuthRegistrar"
100-->[com.google.firebase:firebase-auth:23.1.0] AndroidManifest.xml:70:17-109
101                android:value="com.google.firebase.components.ComponentRegistrar" />
101-->[com.google.firebase:firebase-auth:23.1.0] AndroidManifest.xml:71:17-82
102            <meta-data
102-->[com.google.firebase:firebase-firestore:25.1.1] AndroidManifest.xml:17:13-19:85
103                android:name="com.google.firebase.components:com.google.firebase.firestore.FirebaseFirestoreKtxRegistrar"
103-->[com.google.firebase:firebase-firestore:25.1.1] AndroidManifest.xml:18:17-122
104                android:value="com.google.firebase.components.ComponentRegistrar" />
104-->[com.google.firebase:firebase-firestore:25.1.1] AndroidManifest.xml:19:17-82
105            <meta-data
105-->[com.google.firebase:firebase-firestore:25.1.1] AndroidManifest.xml:20:13-22:85
106                android:name="com.google.firebase.components:com.google.firebase.firestore.FirestoreRegistrar"
106-->[com.google.firebase:firebase-firestore:25.1.1] AndroidManifest.xml:21:17-111
107                android:value="com.google.firebase.components.ComponentRegistrar" />
107-->[com.google.firebase:firebase-firestore:25.1.1] AndroidManifest.xml:22:17-82
108            <meta-data
108-->[com.google.firebase:firebase-storage:21.0.1] AndroidManifest.xml:30:13-32:85
109                android:name="com.google.firebase.components:com.google.firebase.storage.FirebaseStorageKtxRegistrar"
109-->[com.google.firebase:firebase-storage:21.0.1] AndroidManifest.xml:31:17-118
110                android:value="com.google.firebase.components.ComponentRegistrar" />
110-->[com.google.firebase:firebase-storage:21.0.1] AndroidManifest.xml:32:17-82
111            <meta-data
111-->[com.google.firebase:firebase-storage:21.0.1] AndroidManifest.xml:33:13-35:85
112                android:name="com.google.firebase.components:com.google.firebase.storage.StorageRegistrar"
112-->[com.google.firebase:firebase-storage:21.0.1] AndroidManifest.xml:34:17-107
113                android:value="com.google.firebase.components.ComponentRegistrar" />
113-->[com.google.firebase:firebase-storage:21.0.1] AndroidManifest.xml:35:17-82
114            <meta-data
114-->[com.google.firebase:firebase-appcheck:18.0.0] AndroidManifest.xml:25:13-27:85
115                android:name="com.google.firebase.components:com.google.firebase.appcheck.FirebaseAppCheckKtxRegistrar"
115-->[com.google.firebase:firebase-appcheck:18.0.0] AndroidManifest.xml:26:17-120
116                android:value="com.google.firebase.components.ComponentRegistrar" />
116-->[com.google.firebase:firebase-appcheck:18.0.0] AndroidManifest.xml:27:17-82
117            <meta-data
117-->[com.google.firebase:firebase-appcheck:18.0.0] AndroidManifest.xml:28:13-30:85
118                android:name="com.google.firebase.components:com.google.firebase.appcheck.FirebaseAppCheckRegistrar"
118-->[com.google.firebase:firebase-appcheck:18.0.0] AndroidManifest.xml:29:17-117
119                android:value="com.google.firebase.components.ComponentRegistrar" />
119-->[com.google.firebase:firebase-appcheck:18.0.0] AndroidManifest.xml:30:17-82
120            <meta-data
120-->[com.google.firebase:firebase-common-ktx:21.0.0] AndroidManifest.xml:12:13-14:85
121                android:name="com.google.firebase.components:com.google.firebase.ktx.FirebaseCommonLegacyRegistrar"
121-->[com.google.firebase:firebase-common-ktx:21.0.0] AndroidManifest.xml:13:17-116
122                android:value="com.google.firebase.components.ComponentRegistrar" />
122-->[com.google.firebase:firebase-common-ktx:21.0.0] AndroidManifest.xml:14:17-82
123            <meta-data
123-->[com.google.firebase:firebase-common:21.0.0] AndroidManifest.xml:35:13-37:85
124                android:name="com.google.firebase.components:com.google.firebase.FirebaseCommonKtxRegistrar"
124-->[com.google.firebase:firebase-common:21.0.0] AndroidManifest.xml:36:17-109
125                android:value="com.google.firebase.components.ComponentRegistrar" />
125-->[com.google.firebase:firebase-common:21.0.0] AndroidManifest.xml:37:17-82
126        </service>
127
128        <provider
128-->[:image_picker_android] AndroidManifest.xml:9:9-17:20
129            android:name="io.flutter.plugins.imagepicker.ImagePickerFileProvider"
129-->[:image_picker_android] AndroidManifest.xml:10:13-82
130            android:authorities="com.example.sky_nova.flutter.image_provider"
130-->[:image_picker_android] AndroidManifest.xml:11:13-74
131            android:exported="false"
131-->[:image_picker_android] AndroidManifest.xml:12:13-37
132            android:grantUriPermissions="true" >
132-->[:image_picker_android] AndroidManifest.xml:13:13-47
133            <meta-data
133-->[:image_picker_android] AndroidManifest.xml:14:13-16:75
134                android:name="android.support.FILE_PROVIDER_PATHS"
134-->[:image_picker_android] AndroidManifest.xml:15:17-67
135                android:resource="@xml/flutter_image_picker_file_paths" />
135-->[:image_picker_android] AndroidManifest.xml:16:17-72
136        </provider> <!-- Trigger Google Play services to install the backported photo picker module. -->
137        <service
137-->[:image_picker_android] AndroidManifest.xml:19:9-31:19
138            android:name="com.google.android.gms.metadata.ModuleDependencies"
138-->[:image_picker_android] AndroidManifest.xml:20:13-78
139            android:enabled="false"
139-->[:image_picker_android] AndroidManifest.xml:21:13-36
140            android:exported="false" >
140-->[:image_picker_android] AndroidManifest.xml:22:13-37
141            <intent-filter>
141-->[:image_picker_android] AndroidManifest.xml:24:13-26:29
142                <action android:name="com.google.android.gms.metadata.MODULE_DEPENDENCIES" />
142-->[:image_picker_android] AndroidManifest.xml:25:17-94
142-->[:image_picker_android] AndroidManifest.xml:25:25-91
143            </intent-filter>
144
145            <meta-data
145-->[:image_picker_android] AndroidManifest.xml:28:13-30:36
146                android:name="photopicker_activity:0:required"
146-->[:image_picker_android] AndroidManifest.xml:29:17-63
147                android:value="" />
147-->[:image_picker_android] AndroidManifest.xml:30:17-33
148        </service>
149
150        <activity
150-->[com.google.firebase:firebase-auth:23.1.0] AndroidManifest.xml:29:9-46:20
151            android:name="com.google.firebase.auth.internal.GenericIdpActivity"
151-->[com.google.firebase:firebase-auth:23.1.0] AndroidManifest.xml:30:13-80
152            android:excludeFromRecents="true"
152-->[com.google.firebase:firebase-auth:23.1.0] AndroidManifest.xml:31:13-46
153            android:exported="true"
153-->[com.google.firebase:firebase-auth:23.1.0] AndroidManifest.xml:32:13-36
154            android:launchMode="singleTask"
154-->[com.google.firebase:firebase-auth:23.1.0] AndroidManifest.xml:33:13-44
155            android:theme="@android:style/Theme.Translucent.NoTitleBar" >
155-->[com.google.firebase:firebase-auth:23.1.0] AndroidManifest.xml:34:13-72
156            <intent-filter>
156-->[com.google.firebase:firebase-auth:23.1.0] AndroidManifest.xml:35:13-45:29
157                <action android:name="android.intent.action.VIEW" />
157-->[com.google.firebase:firebase-auth:23.1.0] AndroidManifest.xml:36:17-69
157-->[com.google.firebase:firebase-auth:23.1.0] AndroidManifest.xml:36:25-66
158
159                <category android:name="android.intent.category.DEFAULT" />
159-->[com.google.firebase:firebase-auth:23.1.0] AndroidManifest.xml:38:17-76
159-->[com.google.firebase:firebase-auth:23.1.0] AndroidManifest.xml:38:27-73
160                <category android:name="android.intent.category.BROWSABLE" />
160-->[com.google.firebase:firebase-auth:23.1.0] AndroidManifest.xml:39:17-78
160-->[com.google.firebase:firebase-auth:23.1.0] AndroidManifest.xml:39:27-75
161
162                <data
162-->src\main\AndroidManifest.xml:45:13-50
163                    android:host="firebase.auth"
164                    android:path="/"
165                    android:scheme="genericidp" />
166            </intent-filter>
167        </activity>
168        <activity
168-->[com.google.firebase:firebase-auth:23.1.0] AndroidManifest.xml:47:9-64:20
169            android:name="com.google.firebase.auth.internal.RecaptchaActivity"
169-->[com.google.firebase:firebase-auth:23.1.0] AndroidManifest.xml:48:13-79
170            android:excludeFromRecents="true"
170-->[com.google.firebase:firebase-auth:23.1.0] AndroidManifest.xml:49:13-46
171            android:exported="true"
171-->[com.google.firebase:firebase-auth:23.1.0] AndroidManifest.xml:50:13-36
172            android:launchMode="singleTask"
172-->[com.google.firebase:firebase-auth:23.1.0] AndroidManifest.xml:51:13-44
173            android:theme="@android:style/Theme.Translucent.NoTitleBar" >
173-->[com.google.firebase:firebase-auth:23.1.0] AndroidManifest.xml:52:13-72
174            <intent-filter>
174-->[com.google.firebase:firebase-auth:23.1.0] AndroidManifest.xml:53:13-63:29
175                <action android:name="android.intent.action.VIEW" />
175-->[com.google.firebase:firebase-auth:23.1.0] AndroidManifest.xml:36:17-69
175-->[com.google.firebase:firebase-auth:23.1.0] AndroidManifest.xml:36:25-66
176
177                <category android:name="android.intent.category.DEFAULT" />
177-->[com.google.firebase:firebase-auth:23.1.0] AndroidManifest.xml:38:17-76
177-->[com.google.firebase:firebase-auth:23.1.0] AndroidManifest.xml:38:27-73
178                <category android:name="android.intent.category.BROWSABLE" />
178-->[com.google.firebase:firebase-auth:23.1.0] AndroidManifest.xml:39:17-78
178-->[com.google.firebase:firebase-auth:23.1.0] AndroidManifest.xml:39:27-75
179
180                <data
180-->src\main\AndroidManifest.xml:45:13-50
181                    android:host="firebase.auth"
182                    android:path="/"
183                    android:scheme="recaptcha" />
184            </intent-filter>
185        </activity>
186
187        <provider
187-->[com.google.firebase:firebase-common:21.0.0] AndroidManifest.xml:23:9-28:39
188            android:name="com.google.firebase.provider.FirebaseInitProvider"
188-->[com.google.firebase:firebase-common:21.0.0] AndroidManifest.xml:24:13-77
189            android:authorities="com.example.sky_nova.firebaseinitprovider"
189-->[com.google.firebase:firebase-common:21.0.0] AndroidManifest.xml:25:13-72
190            android:directBootAware="true"
190-->[com.google.firebase:firebase-common:21.0.0] AndroidManifest.xml:26:13-43
191            android:exported="false"
191-->[com.google.firebase:firebase-common:21.0.0] AndroidManifest.xml:27:13-37
192            android:initOrder="100" />
192-->[com.google.firebase:firebase-common:21.0.0] AndroidManifest.xml:28:13-36
193
194        <service
194-->[androidx.credentials:credentials-play-services-auth:1.2.0-rc01] AndroidManifest.xml:24:9-32:19
195            android:name="androidx.credentials.playservices.CredentialProviderMetadataHolder"
195-->[androidx.credentials:credentials-play-services-auth:1.2.0-rc01] AndroidManifest.xml:25:13-94
196            android:enabled="true"
196-->[androidx.credentials:credentials-play-services-auth:1.2.0-rc01] AndroidManifest.xml:26:13-35
197            android:exported="false" >
197-->[androidx.credentials:credentials-play-services-auth:1.2.0-rc01] AndroidManifest.xml:27:13-37
198            <meta-data
198-->[androidx.credentials:credentials-play-services-auth:1.2.0-rc01] AndroidManifest.xml:29:13-31:104
199                android:name="androidx.credentials.CREDENTIAL_PROVIDER_KEY"
199-->[androidx.credentials:credentials-play-services-auth:1.2.0-rc01] AndroidManifest.xml:30:17-76
200                android:value="androidx.credentials.playservices.CredentialProviderPlayServicesImpl" />
200-->[androidx.credentials:credentials-play-services-auth:1.2.0-rc01] AndroidManifest.xml:31:17-101
201        </service>
202
203        <activity
203-->[androidx.credentials:credentials-play-services-auth:1.2.0-rc01] AndroidManifest.xml:34:9-41:20
204            android:name="androidx.credentials.playservices.HiddenActivity"
204-->[androidx.credentials:credentials-play-services-auth:1.2.0-rc01] AndroidManifest.xml:35:13-76
205            android:configChanges="orientation|screenSize|screenLayout|keyboardHidden"
205-->[androidx.credentials:credentials-play-services-auth:1.2.0-rc01] AndroidManifest.xml:36:13-87
206            android:enabled="true"
206-->[androidx.credentials:credentials-play-services-auth:1.2.0-rc01] AndroidManifest.xml:37:13-35
207            android:exported="false"
207-->[androidx.credentials:credentials-play-services-auth:1.2.0-rc01] AndroidManifest.xml:38:13-37
208            android:fitsSystemWindows="true"
208-->[androidx.credentials:credentials-play-services-auth:1.2.0-rc01] AndroidManifest.xml:39:13-45
209            android:theme="@style/Theme.Hidden" >
209-->[androidx.credentials:credentials-play-services-auth:1.2.0-rc01] AndroidManifest.xml:40:13-48
210        </activity>
211        <activity
211-->[com.google.android.gms:play-services-auth:20.7.0] AndroidManifest.xml:23:9-27:75
212            android:name="com.google.android.gms.auth.api.signin.internal.SignInHubActivity"
212-->[com.google.android.gms:play-services-auth:20.7.0] AndroidManifest.xml:24:13-93
213            android:excludeFromRecents="true"
213-->[com.google.android.gms:play-services-auth:20.7.0] AndroidManifest.xml:25:13-46
214            android:exported="false"
214-->[com.google.android.gms:play-services-auth:20.7.0] AndroidManifest.xml:26:13-37
215            android:theme="@android:style/Theme.Translucent.NoTitleBar" />
215-->[com.google.android.gms:play-services-auth:20.7.0] AndroidManifest.xml:27:13-72
216        <!--
217            Service handling Google Sign-In user revocation. For apps that do not integrate with
218            Google Sign-In, this service will never be started.
219        -->
220        <service
220-->[com.google.android.gms:play-services-auth:20.7.0] AndroidManifest.xml:33:9-37:51
221            android:name="com.google.android.gms.auth.api.signin.RevocationBoundService"
221-->[com.google.android.gms:play-services-auth:20.7.0] AndroidManifest.xml:34:13-89
222            android:exported="true"
222-->[com.google.android.gms:play-services-auth:20.7.0] AndroidManifest.xml:35:13-36
223            android:permission="com.google.android.gms.auth.api.signin.permission.REVOCATION_NOTIFICATION"
223-->[com.google.android.gms:play-services-auth:20.7.0] AndroidManifest.xml:36:13-107
224            android:visibleToInstantApps="true" />
224-->[com.google.android.gms:play-services-auth:20.7.0] AndroidManifest.xml:37:13-48
225
226        <provider
226-->[androidx.lifecycle:lifecycle-process:2.7.0] AndroidManifest.xml:24:9-32:20
227            android:name="androidx.startup.InitializationProvider"
227-->[androidx.lifecycle:lifecycle-process:2.7.0] AndroidManifest.xml:25:13-67
228            android:authorities="com.example.sky_nova.androidx-startup"
228-->[androidx.lifecycle:lifecycle-process:2.7.0] AndroidManifest.xml:26:13-68
229            android:exported="false" >
229-->[androidx.lifecycle:lifecycle-process:2.7.0] AndroidManifest.xml:27:13-37
230            <meta-data
230-->[androidx.lifecycle:lifecycle-process:2.7.0] AndroidManifest.xml:29:13-31:52
231                android:name="androidx.lifecycle.ProcessLifecycleInitializer"
231-->[androidx.lifecycle:lifecycle-process:2.7.0] AndroidManifest.xml:30:17-78
232                android:value="androidx.startup" />
232-->[androidx.lifecycle:lifecycle-process:2.7.0] AndroidManifest.xml:31:17-49
233            <meta-data
233-->[androidx.profileinstaller:profileinstaller:1.3.1] AndroidManifest.xml:29:13-31:52
234                android:name="androidx.profileinstaller.ProfileInstallerInitializer"
234-->[androidx.profileinstaller:profileinstaller:1.3.1] AndroidManifest.xml:30:17-85
235                android:value="androidx.startup" />
235-->[androidx.profileinstaller:profileinstaller:1.3.1] AndroidManifest.xml:31:17-49
236        </provider>
237
238        <uses-library
238-->[androidx.window:window:1.2.0] AndroidManifest.xml:23:9-25:40
239            android:name="androidx.window.extensions"
239-->[androidx.window:window:1.2.0] AndroidManifest.xml:24:13-54
240            android:required="false" />
240-->[androidx.window:window:1.2.0] AndroidManifest.xml:25:13-37
241        <uses-library
241-->[androidx.window:window:1.2.0] AndroidManifest.xml:26:9-28:40
242            android:name="androidx.window.sidecar"
242-->[androidx.window:window:1.2.0] AndroidManifest.xml:27:13-51
243            android:required="false" />
243-->[androidx.window:window:1.2.0] AndroidManifest.xml:28:13-37
244
245        <activity
245-->[com.google.android.gms:play-services-base:18.1.0] AndroidManifest.xml:20:9-22:45
246            android:name="com.google.android.gms.common.api.GoogleApiActivity"
246-->[com.google.android.gms:play-services-base:18.1.0] AndroidManifest.xml:20:19-85
247            android:exported="false"
247-->[com.google.android.gms:play-services-base:18.1.0] AndroidManifest.xml:22:19-43
248            android:theme="@android:style/Theme.Translucent.NoTitleBar" />
248-->[com.google.android.gms:play-services-base:18.1.0] AndroidManifest.xml:21:19-78
249
250        <meta-data
250-->[com.google.android.gms:play-services-basement:18.4.0] AndroidManifest.xml:6:9-122
251            android:name="com.google.android.gms.version"
251-->[com.google.android.gms:play-services-basement:18.4.0] AndroidManifest.xml:6:20-65
252            android:value="@integer/google_play_services_version" />
252-->[com.google.android.gms:play-services-basement:18.4.0] AndroidManifest.xml:6:66-119
253
254        <receiver
254-->[androidx.profileinstaller:profileinstaller:1.3.1] AndroidManifest.xml:34:9-52:20
255            android:name="androidx.profileinstaller.ProfileInstallReceiver"
255-->[androidx.profileinstaller:profileinstaller:1.3.1] AndroidManifest.xml:35:13-76
256            android:directBootAware="false"
256-->[androidx.profileinstaller:profileinstaller:1.3.1] AndroidManifest.xml:36:13-44
257            android:enabled="true"
257-->[androidx.profileinstaller:profileinstaller:1.3.1] AndroidManifest.xml:37:13-35
258            android:exported="true"
258-->[androidx.profileinstaller:profileinstaller:1.3.1] AndroidManifest.xml:38:13-36
259            android:permission="android.permission.DUMP" >
259-->[androidx.profileinstaller:profileinstaller:1.3.1] AndroidManifest.xml:39:13-57
260            <intent-filter>
260-->[androidx.profileinstaller:profileinstaller:1.3.1] AndroidManifest.xml:40:13-42:29
261                <action android:name="androidx.profileinstaller.action.INSTALL_PROFILE" />
261-->[androidx.profileinstaller:profileinstaller:1.3.1] AndroidManifest.xml:41:17-91
261-->[androidx.profileinstaller:profileinstaller:1.3.1] AndroidManifest.xml:41:25-88
262            </intent-filter>
263            <intent-filter>
263-->[androidx.profileinstaller:profileinstaller:1.3.1] AndroidManifest.xml:43:13-45:29
264                <action android:name="androidx.profileinstaller.action.SKIP_FILE" />
264-->[androidx.profileinstaller:profileinstaller:1.3.1] AndroidManifest.xml:44:17-85
264-->[androidx.profileinstaller:profileinstaller:1.3.1] AndroidManifest.xml:44:25-82
265            </intent-filter>
266            <intent-filter>
266-->[androidx.profileinstaller:profileinstaller:1.3.1] AndroidManifest.xml:46:13-48:29
267                <action android:name="androidx.profileinstaller.action.SAVE_PROFILE" />
267-->[androidx.profileinstaller:profileinstaller:1.3.1] AndroidManifest.xml:47:17-88
267-->[androidx.profileinstaller:profileinstaller:1.3.1] AndroidManifest.xml:47:25-85
268            </intent-filter>
269            <intent-filter>
269-->[androidx.profileinstaller:profileinstaller:1.3.1] AndroidManifest.xml:49:13-51:29
270                <action android:name="androidx.profileinstaller.action.BENCHMARK_OPERATION" />
270-->[androidx.profileinstaller:profileinstaller:1.3.1] AndroidManifest.xml:50:17-95
270-->[androidx.profileinstaller:profileinstaller:1.3.1] AndroidManifest.xml:50:25-92
271            </intent-filter>
272        </receiver> <!-- The activities will be merged into the manifest of the hosting app. -->
273        <activity
273-->[com.google.android.play:core-common:2.0.3] AndroidManifest.xml:14:9-18:65
274            android:name="com.google.android.play.core.common.PlayCoreDialogWrapperActivity"
274-->[com.google.android.play:core-common:2.0.3] AndroidManifest.xml:15:13-93
275            android:exported="false"
275-->[com.google.android.play:core-common:2.0.3] AndroidManifest.xml:16:13-37
276            android:stateNotNeeded="true"
276-->[com.google.android.play:core-common:2.0.3] AndroidManifest.xml:17:13-42
277            android:theme="@style/Theme.PlayCore.Transparent" />
277-->[com.google.android.play:core-common:2.0.3] AndroidManifest.xml:18:13-62
278    </application>
279
280</manifest>